<?xml version="1.0" encoding="UTF-8"?>
<!-- Generated by org.testng.reporters.JUnitXMLReporter -->
<testsuite hostname="BSC-PF10PQNE" ignored="0" name="Test" tests="2" failures="0" timestamp="07 Nov 2021 05:20:23 GMT" time="11.475" errors="0">
  <testcase name="verifyClearTripHomePageDefaultsValues" time="1.879" classname="org.clearTrip.com.TestBooking.verifyClearTrip"/>
  <testcase name="verifyBookingTickets" time="3.731" classname="org.clearTrip.com.TestBooking.verifyClearTrip"/>
</testsuite> <!-- Test -->
