<?xml version="1.0" encoding="UTF-8"?>
<testng-results skipped="0" failed="0" ignored="0" total="1" passed="1">
  <reporter-output>
  </reporter-output>
  <suite name="Suite" duration-ms="10202" started-at="2021-11-12T06:29:59Z" finished-at="2021-11-12T06:30:10Z">
    <groups>
    </groups>
    <test name="Test" duration-ms="10202" started-at="2021-11-12T06:29:59Z" finished-at="2021-11-12T06:30:10Z">
      <class name="org.clearTrip.com.TestBooking.MockingGeolocation">
        <test-method status="PASS" signature="driverSetup(java.lang.String, java.lang.String, org.testng.ITestContext)[pri:0, instance:org.clearTrip.com.TestBooking.MockingGeolocation@319b92f3]" name="driverSetup" is-config="true" duration-ms="5619" started-at="2021-11-12T06:29:54Z" finished-at="2021-11-12T06:29:59Z">
          <params>
            <param index="0">
              <value>
                <![CDATA[local]]>
              </value>
            </param>
            <param index="1">
              <value>
                <![CDATA[chrome]]>
              </value>
            </param>
            <param index="2">
              <value>
                <![CDATA[org.testng.TestRunner@7eae3764]]>
              </value>
            </param>
          </params>
          <reporter-output>
          </reporter-output>
        </test-method> <!-- driverSetup -->
        <test-method status="PASS" signature="verifyMockingGeolocation(java.lang.reflect.Method)[pri:0, instance:org.clearTrip.com.TestBooking.MockingGeolocation@319b92f3]" name="verifyMockingGeolocation" duration-ms="10113" started-at="2021-11-12T06:29:59Z" description="verifyMockingGeolocation" finished-at="2021-11-12T06:30:10Z">
          <params>
            <param index="0">
              <value>
                <![CDATA[public void org.clearTrip.com.TestBooking.MockingGeolocation.verifyMockingGeolocation(java.lang.reflect.Method) throws java.lang.InterruptedException]]>
              </value>
            </param>
          </params>
          <reporter-output>
          </reporter-output>
        </test-method> <!-- verifyMockingGeolocation -->
        <test-method status="PASS" signature="driverClose()[pri:0, instance:org.clearTrip.com.TestBooking.MockingGeolocation@319b92f3]" name="driverClose" is-config="true" duration-ms="1207" started-at="2021-11-12T06:30:10Z" finished-at="2021-11-12T06:30:11Z">
          <reporter-output>
          </reporter-output>
        </test-method> <!-- driverClose -->
      </class> <!-- org.clearTrip.com.TestBooking.MockingGeolocation -->
    </test> <!-- Test -->
  </suite> <!-- Suite -->
</testng-results>
