<?xml version="1.0" encoding="UTF-8"?>
<testng-results skipped="0" failed="0" ignored="0" total="1" passed="1">
  <reporter-output>
  </reporter-output>
  <suite name="Suite" duration-ms="3712" started-at="2021-11-06T05:32:17Z" finished-at="2021-11-06T05:32:21Z">
    <groups>
    </groups>
    <test name="Test" duration-ms="3712" started-at="2021-11-06T05:32:17Z" finished-at="2021-11-06T05:32:21Z">
      <class name="org.clearTrip.com.TestBooking.verifyClearTrip">
        <test-method status="PASS" signature="driverSetup(java.lang.String, java.lang.String, org.testng.ITestContext)[pri:0, instance:org.clearTrip.com.TestBooking.verifyClearTrip@42eca56e]" name="driverSetup" is-config="true" duration-ms="3839" started-at="2021-11-06T05:32:13Z" finished-at="2021-11-06T05:32:17Z">
          <params>
            <param index="0">
              <value>
                <![CDATA[local]]>
              </value>
            </param>
            <param index="1">
              <value>
                <![CDATA[chrome]]>
              </value>
            </param>
            <param index="2">
              <value>
                <![CDATA[org.testng.TestRunner@4b2a01d4]]>
              </value>
            </param>
          </params>
          <reporter-output>
          </reporter-output>
        </test-method> <!-- driverSetup -->
        <test-method status="PASS" signature="verifyClearTripPageIsLoaded()[pri:0, instance:org.clearTrip.com.TestBooking.verifyClearTrip@42eca56e]" name="verifyClearTripPageIsLoaded" duration-ms="3685" started-at="2021-11-06T05:32:17Z" finished-at="2021-11-06T05:32:21Z">
          <reporter-output>
          </reporter-output>
        </test-method> <!-- verifyClearTripPageIsLoaded -->
        <test-method status="PASS" signature="driverClose()[pri:0, instance:org.clearTrip.com.TestBooking.verifyClearTrip@42eca56e]" name="driverClose" is-config="true" duration-ms="782" started-at="2021-11-06T05:32:21Z" finished-at="2021-11-06T05:32:22Z">
          <reporter-output>
          </reporter-output>
        </test-method> <!-- driverClose -->
      </class> <!-- org.clearTrip.com.TestBooking.verifyClearTrip -->
    </test> <!-- Test -->
  </suite> <!-- Suite -->
</testng-results>
